# JRE version: Java(TM) SE Runtime Environment (21.0.8+12) (build 21.0.8+12-LTS-250)
# Java VM: Java HotSpot(TM) 64-Bit Server VM (21.0.8+12-LTS-250, mixed mode, sharing, tiered, compressed oops, compressed class ptrs, g1 gc, windows-amd64)
GC Precious Log:
 CardTable entry size: 512
 Card Set container configuration: InlinePtr #cards 5 size 8 Array Of Cards #cards 12 size 40 Howl #buckets 4 coarsen threshold 1843 Howl Bitmap #cards 512 size 80 coarsen threshold 460 Card regions per heap region 1 cards per card region 2048
 CPUs: 8 total, 8 available
 Memory: 3863M
 Large Page Support: Disabled
 NUMA Support: Disabled
 Compressed Oops: Enabled (32-bit)
 Heap Region Size: 1M
 Heap Min Capacity: 8M
 Heap Initial Capacity: 62M
 Heap Max Capacity: 966M
 Pre-touch: Disabled
 Parallel Workers: 8
 Concurrent Workers: 2
 Concurrent Refinement Workers: 8
 Periodic GC: Disabled
Heap:
 garbage-first heap   total 76800K, used 36411K [0x00000000c3a00000, 0x0000000100000000)
  region size 1024K, 18 young (18432K), 3 survivors (3072K)
 Metaspace       used 18453K, committed 18816K, reserved 1114112K
  class space    used 2023K, committed 2176K, reserved 1048576K
GC Heap History (16 events):
Event: 0.882 GC heap before
{Heap before GC invocations=0 (full 0):
 garbage-first heap   total 63488K, used 22528K [0x00000000c3a00000, 0x0000000100000000)
  region size 1024K, 23 young (23552K), 0 survivors (0K)
 Metaspace       used 5624K, committed 5888K, reserved 1114112K
  class space    used 650K, committed 768K, reserved 1048576K
}
Event: 0.892 GC heap after
{Heap after GC invocations=1 (full 0):
 garbage-first heap   total 63488K, used 3723K [0x00000000c3a00000, 0x0000000100000000)
  region size 1024K, 3 young (3072K), 3 survivors (3072K)
 Metaspace       used 5624K, committed 5888K, reserved 1114112K
  class space    used 650K, committed 768K, reserved 1048576K
}
Event: 1.518 GC heap before
{Heap before GC invocations=1 (full 0):
 garbage-first heap   total 63488K, used 33419K [0x00000000c3a00000, 0x0000000100000000)
  region size 1024K, 32 young (32768K), 3 survivors (3072K)
 Metaspace       used 9114K, committed 9280K, reserved 1114112K
  class space    used 1072K, committed 1152K, reserved 1048576K
}
Event: 1.528 GC heap after
{Heap after GC invocations=2 (full 0):
 garbage-first heap   total 63488K, used 5227K [0x00000000c3a00000, 0x0000000100000000)
  region size 1024K, 2 young (2048K), 2 survivors (2048K)
 Metaspace       used 9114K, committed 9280K, reserved 1114112K
  class space    used 1072K, committed 1152K, reserved 1048576K
}
Event: 2.483 GC heap before
{Heap before GC invocations=2 (full 0):
 garbage-first heap   total 63488K, used 41067K [0x00000000c3a00000, 0x0000000100000000)
  region size 1024K, 37 young (37888K), 2 survivors (2048K)
 Metaspace       used 15107K, committed 15424K, reserved 1114112K
  class space    used 1787K, committed 1920K, reserved 1048576K
}
Event: 2.495 GC heap after
{Heap after GC invocations=3 (full 0):
 garbage-first heap   total 63488K, used 9422K [0x00000000c3a00000, 0x0000000100000000)
  region size 1024K, 5 young (5120K), 5 survivors (5120K)
 Metaspace       used 15107K, committed 15424K, reserved 1114112K
  class space    used 1787K, committed 1920K, reserved 1048576K
}
Event: 3.128 GC heap before
{Heap before GC invocations=3 (full 0):
 garbage-first heap   total 63488K, used 42190K [0x00000000c3a00000, 0x0000000100000000)
  region size 1024K, 37 young (37888K), 5 survivors (5120K)
 Metaspace       used 15498K, committed 15808K, reserved 1114112K
  class space    used 1793K, committed 1920K, reserved 1048576K
}
Event: 3.138 GC heap after
{Heap after GC invocations=4 (full 0):
 garbage-first heap   total 63488K, used 11606K [0x00000000c3a00000, 0x0000000100000000)
  region size 1024K, 2 young (2048K), 2 survivors (2048K)
 Metaspace       used 15498K, committed 15808K, reserved 1114112K
  class space    used 1793K, committed 1920K, reserved 1048576K
}
Event: 3.836 GC heap before
{Heap before GC invocations=4 (full 0):
 garbage-first heap   total 63488K, used 47446K [0x00000000c3a00000, 0x0000000100000000)
  region size 1024K, 37 young (37888K), 2 survivors (2048K)
 Metaspace       used 15826K, committed 16128K, reserved 1114112K
  class space    used 1797K, committed 1920K, reserved 1048576K
}
Event: 3.843 GC heap after
{Heap after GC invocations=5 (full 0):
 garbage-first heap   total 76800K, used 14134K [0x00000000c3a00000, 0x0000000100000000)
  region size 1024K, 5 young (5120K), 5 survivors (5120K)
 Metaspace       used 15826K, committed 16128K, reserved 1114112K
  class space    used 1797K, committed 1920K, reserved 1048576K
}
Event: 4.568 GC heap before
{Heap before GC invocations=5 (full 0):
 garbage-first heap   total 76800K, used 55094K [0x00000000c3a00000, 0x0000000100000000)
  region size 1024K, 45 young (46080K), 5 survivors (5120K)
 Metaspace       used 16116K, committed 16448K, reserved 1114112K
  class space    used 1800K, committed 1920K, reserved 1048576K
}
Event: 4.576 GC heap after
{Heap after GC invocations=6 (full 0):
 garbage-first heap   total 76800K, used 15360K [0x00000000c3a00000, 0x0000000100000000)
  region size 1024K, 4 young (4096K), 4 survivors (4096K)
 Metaspace       used 16116K, committed 16448K, reserved 1114112K
  class space    used 1800K, committed 1920K, reserved 1048576K
}
Event: 5.653 GC heap before
{Heap before GC invocations=6 (full 0):
 garbage-first heap   total 76800K, used 57344K [0x00000000c3a00000, 0x0000000100000000)
  region size 1024K, 45 young (46080K), 4 survivors (4096K)
 Metaspace       used 16894K, committed 17152K, reserved 1114112K
  class space    used 1865K, committed 1984K, reserved 1048576K
}
Event: 5.662 GC heap after
{Heap after GC invocations=7 (full 0):
 garbage-first heap   total 76800K, used 19901K [0x00000000c3a00000, 0x0000000100000000)
  region size 1024K, 6 young (6144K), 6 survivors (6144K)
 Metaspace       used 16894K, committed 17152K, reserved 1114112K
  class space    used 1865K, committed 1984K, reserved 1048576K
}
Event: 6.461 GC heap before
{Heap before GC invocations=7 (full 0):
 garbage-first heap   total 76800K, used 59837K [0x00000000c3a00000, 0x0000000100000000)
  region size 1024K, 45 young (46080K), 6 survivors (6144K)
 Metaspace       used 18408K, committed 18752K, reserved 1114112K
  class space    used 2023K, committed 2176K, reserved 1048576K
}
Event: 6.473 GC heap after
{Heap after GC invocations=8 (full 0):
 garbage-first heap   total 76800K, used 22075K [0x00000000c3a00000, 0x0000000100000000)
  region size 1024K, 3 young (3072K), 3 survivors (3072K)
 Metaspace       used 18408K, committed 18752K, reserved 1114112K
  class space    used 2023K, committed 2176K, reserved 1048576K
}

